<?xml version="1.0" encoding="UTF-8"?>
<!-- Generated by org.testng.reporters.JUnitReportReporter -->
<testsuite hostname="Mati-PC" name="login" tests="1" failures="0" timestamp="28 Jan 2017 02:41:41 GMT" time="19.447" errors="0">
  <testcase name="i_want_to_open_FireFox_and_start_application" time="19.447" classname="login"/>
</testsuite> <!-- login -->
